{"C:\\Users\\Loupor\\iCloudDocs\\iCloudDrive\\Documents\\actionitemschatbot-v1\\extension\\background.js": {"path":"C:\\Users\\Loupor\\iCloudDocs\\iCloudDrive\\Documents\\actionitemschatbot-v1\\extension\\background.js","statementMap":{"0":{"start":{"line":7,"column":21},"end":{"line":7,"column":44}},"1":{"start":{"line":10,"column":0},"end":{"line":19,"column":3}},"2":{"start":{"line":11,"column":2},"end":{"line":11,"column":63}},"3":{"start":{"line":14,"column":2},"end":{"line":18,"column":5}},"4":{"start":{"line":22,"column":0},"end":{"line":35,"column":3}},"5":{"start":{"line":23,"column":2},"end":{"line":28,"column":3}},"6":{"start":{"line":24,"column":4},"end":{"line":26,"column":78}},"7":{"start":{"line":25,"column":24},"end":{"line":25,"column":71}},"8":{"start":{"line":26,"column":22},"end":{"line":26,"column":76}},"9":{"start":{"line":27,"column":4},"end":{"line":27,"column":16}},"10":{"start":{"line":30,"column":2},"end":{"line":34,"column":3}},"11":{"start":{"line":31,"column":4},"end":{"line":31,"column":70}},"12":{"start":{"line":32,"column":4},"end":{"line":32,"column":36}},"13":{"start":{"line":33,"column":4},"end":{"line":33,"column":16}},"14":{"start":{"line":39,"column":2},"end":{"line":46,"column":5}},"15":{"start":{"line":44,"column":36},"end":{"line":44,"column":53}},"16":{"start":{"line":50,"column":0},"end":{"line":53,"column":3}},"17":{"start":{"line":51,"column":2},"end":{"line":51,"column":78}},"18":{"start":{"line":57,"column":20},"end":{"line":57,"column":40}},"19":{"start":{"line":58,"column":14},"end":{"line":58,"column":39}},"20":{"start":{"line":60,"column":18},"end":{"line":65,"column":3}},"21":{"start":{"line":67,"column":2},"end":{"line":69,"column":3}},"22":{"start":{"line":68,"column":4},"end":{"line":68,"column":40}},"23":{"start":{"line":71,"column":2},"end":{"line":80,"column":3}},"24":{"start":{"line":72,"column":21},"end":{"line":72,"column":46}},"25":{"start":{"line":73,"column":4},"end":{"line":75,"column":5}},"26":{"start":{"line":74,"column":6},"end":{"line":74,"column":90}},"27":{"start":{"line":76,"column":4},"end":{"line":76,"column":33}},"28":{"start":{"line":78,"column":4},"end":{"line":78,"column":48}},"29":{"start":{"line":79,"column":4},"end":{"line":79,"column":16}},"30":{"start":{"line":85,"column":2},"end":{"line":89,"column":5}},"31":{"start":{"line":86,"column":4},"end":{"line":88,"column":7}},"32":{"start":{"line":87,"column":6},"end":{"line":87,"column":48}},"33":{"start":{"line":93,"column":0},"end":{"line":108,"column":11}},"34":{"start":{"line":94,"column":2},"end":{"line":107,"column":3}},"35":{"start":{"line":95,"column":17},"end":{"line":95,"column":59}},"36":{"start":{"line":96,"column":4},"end":{"line":104,"column":5}},"37":{"start":{"line":97,"column":6},"end":{"line":103,"column":9}},"38":{"start":{"line":98,"column":8},"end":{"line":102,"column":10}},"39":{"start":{"line":106,"column":4},"end":{"line":106,"column":55}}},"fnMap":{"0":{"name":"(anonymous_0)","decl":{"start":{"line":10,"column":39},"end":{"line":10,"column":40}},"loc":{"start":{"line":10,"column":45},"end":{"line":19,"column":1}},"line":10},"1":{"name":"(anonymous_1)","decl":{"start":{"line":22,"column":37},"end":{"line":22,"column":38}},"loc":{"start":{"line":22,"column":72},"end":{"line":35,"column":1}},"line":22},"2":{"name":"(anonymous_2)","decl":{"start":{"line":25,"column":12},"end":{"line":25,"column":13}},"loc":{"start":{"line":25,"column":24},"end":{"line":25,"column":71}},"line":25},"3":{"name":"(anonymous_3)","decl":{"start":{"line":26,"column":13},"end":{"line":26,"column":14}},"loc":{"start":{"line":26,"column":22},"end":{"line":26,"column":76}},"line":26},"4":{"name":"showNotification","decl":{"start":{"line":38,"column":9},"end":{"line":38,"column":25}},"loc":{"start":{"line":38,"column":56},"end":{"line":47,"column":1}},"line":38},"5":{"name":"(anonymous_5)","decl":{"start":{"line":44,"column":25},"end":{"line":44,"column":26}},"loc":{"start":{"line":44,"column":36},"end":{"line":44,"column":53}},"line":44},"6":{"name":"(anonymous_6)","decl":{"start":{"line":50,"column":49},"end":{"line":50,"column":50}},"loc":{"start":{"line":50,"column":82},"end":{"line":53,"column":1}},"line":50},"7":{"name":"handleApiRequest","decl":{"start":{"line":56,"column":15},"end":{"line":56,"column":31}},"loc":{"start":{"line":56,"column":71},"end":{"line":81,"column":1}},"line":56},"8":{"name":"getServerUrl","decl":{"start":{"line":84,"column":15},"end":{"line":84,"column":27}},"loc":{"start":{"line":84,"column":30},"end":{"line":90,"column":1}},"line":84},"9":{"name":"(anonymous_9)","decl":{"start":{"line":85,"column":21},"end":{"line":85,"column":22}},"loc":{"start":{"line":85,"column":34},"end":{"line":89,"column":3}},"line":85},"10":{"name":"(anonymous_10)","decl":{"start":{"line":86,"column":42},"end":{"line":86,"column":43}},"loc":{"start":{"line":86,"column":54},"end":{"line":88,"column":5}},"line":86},"11":{"name":"(anonymous_11)","decl":{"start":{"line":93,"column":12},"end":{"line":93,"column":13}},"loc":{"start":{"line":93,"column":24},"end":{"line":108,"column":1}},"line":93},"12":{"name":"(anonymous_12)","decl":{"start":{"line":97,"column":29},"end":{"line":97,"column":30}},"loc":{"start":{"line":97,"column":41},"end":{"line":103,"column":7}},"line":97}},"branchMap":{"0":{"loc":{"start":{"line":23,"column":2},"end":{"line":28,"column":3}},"type":"if","locations":[{"start":{"line":23,"column":2},"end":{"line":28,"column":3}},{"start":{},"end":{}}],"line":23},"1":{"loc":{"start":{"line":30,"column":2},"end":{"line":34,"column":3}},"type":"if","locations":[{"start":{"line":30,"column":2},"end":{"line":34,"column":3}},{"start":{},"end":{}}],"line":30},"2":{"loc":{"start":{"line":38,"column":42},"end":{"line":38,"column":54}},"type":"default-arg","locations":[{"start":{"line":38,"column":52},"end":{"line":38,"column":54}}],"line":38},"3":{"loc":{"start":{"line":56,"column":42},"end":{"line":56,"column":56}},"type":"default-arg","locations":[{"start":{"line":56,"column":51},"end":{"line":56,"column":56}}],"line":56},"4":{"loc":{"start":{"line":56,"column":58},"end":{"line":56,"column":69}},"type":"default-arg","locations":[{"start":{"line":56,"column":65},"end":{"line":56,"column":69}}],"line":56},"5":{"loc":{"start":{"line":67,"column":2},"end":{"line":69,"column":3}},"type":"if","locations":[{"start":{"line":67,"column":2},"end":{"line":69,"column":3}},{"start":{},"end":{}}],"line":67},"6":{"loc":{"start":{"line":67,"column":6},"end":{"line":67,"column":53}},"type":"binary-expr","locations":[{"start":{"line":67,"column":6},"end":{"line":67,"column":10}},{"start":{"line":67,"column":15},"end":{"line":67,"column":32}},{"start":{"line":67,"column":36},"end":{"line":67,"column":52}}],"line":67},"7":{"loc":{"start":{"line":73,"column":4},"end":{"line":75,"column":5}},"type":"if","locations":[{"start":{"line":73,"column":4},"end":{"line":75,"column":5}},{"start":{},"end":{}}],"line":73},"8":{"loc":{"start":{"line":87,"column":14},"end":{"line":87,"column":46}},"type":"binary-expr","locations":[{"start":{"line":87,"column":14},"end":{"line":87,"column":30}},{"start":{"line":87,"column":34},"end":{"line":87,"column":46}}],"line":87},"9":{"loc":{"start":{"line":96,"column":4},"end":{"line":104,"column":5}},"type":"if","locations":[{"start":{"line":96,"column":4},"end":{"line":104,"column":5}},{"start":{},"end":{}}],"line":96},"10":{"loc":{"start":{"line":96,"column":8},"end":{"line":96,"column":51}},"type":"binary-expr","locations":[{"start":{"line":96,"column":8},"end":{"line":96,"column":22}},{"start":{"line":96,"column":26},"end":{"line":96,"column":51}}],"line":96}},"s":{"0":0,"1":0,"2":0,"3":0,"4":0,"5":0,"6":0,"7":0,"8":0,"9":0,"10":0,"11":0,"12":0,"13":0,"14":0,"15":0,"16":0,"17":0,"18":0,"19":0,"20":0,"21":0,"22":0,"23":0,"24":0,"25":0,"26":0,"27":0,"28":0,"29":0,"30":0,"31":0,"32":0,"33":0,"34":0,"35":0,"36":0,"37":0,"38":0,"39":0},"f":{"0":0,"1":0,"2":0,"3":0,"4":0,"5":0,"6":0,"7":0,"8":0,"9":0,"10":0,"11":0,"12":0},"b":{"0":[0,0],"1":[0,0],"2":[0],"3":[0],"4":[0],"5":[0,0],"6":[0,0,0],"7":[0,0],"8":[0,0],"9":[0,0],"10":[0,0]}}
,"C:\\Users\\Loupor\\iCloudDocs\\iCloudDrive\\Documents\\actionitemschatbot-v1\\extension\\content\\contentScript.js": {"path":"C:\\Users\\Loupor\\iCloudDocs\\iCloudDrive\\Documents\\actionitemschatbot-v1\\extension\\content\\contentScript.js","statementMap":{"0":{"start":{"line":7,"column":19},"end":{"line":8,"column":58}},"1":{"start":{"line":11,"column":0},"end":{"line":16,"column":3}},"2":{"start":{"line":12,"column":2},"end":{"line":15,"column":3}},"3":{"start":{"line":13,"column":4},"end":{"line":13,"column":67}},"4":{"start":{"line":14,"column":4},"end":{"line":14,"column":32}},"5":{"start":{"line":21,"column":19},"end":{"line":21,"column":36}},"6":{"start":{"line":22,"column":2},"end":{"line":32,"column":3}},"7":{"start":{"line":24,"column":4},"end":{"line":31,"column":7}},"8":{"start":{"line":35,"column":2},"end":{"line":35,"column":21}},"9":{"start":{"line":41,"column":19},"end":{"line":41,"column":59}},"10":{"start":{"line":42,"column":2},"end":{"line":42,"column":35}},"11":{"start":{"line":42,"column":16},"end":{"line":42,"column":35}},"12":{"start":{"line":45,"column":21},"end":{"line":45,"column":55}},"13":{"start":{"line":46,"column":2},"end":{"line":46,"column":39}},"14":{"start":{"line":46,"column":18},"end":{"line":46,"column":39}},"15":{"start":{"line":49,"column":27},"end":{"line":49,"column":72}},"16":{"start":{"line":50,"column":2},"end":{"line":52,"column":3}},"17":{"start":{"line":51,"column":4},"end":{"line":51,"column":62}},"18":{"start":{"line":54,"column":2},"end":{"line":54,"column":14}},"19":{"start":{"line":60,"column":2},"end":{"line":60,"column":66}},"20":{"start":{"line":60,"column":59},"end":{"line":60,"column":66}},"21":{"start":{"line":63,"column":17},"end":{"line":63,"column":49}},"22":{"start":{"line":64,"column":2},"end":{"line":64,"column":41}},"23":{"start":{"line":65,"column":2},"end":{"line":65,"column":36}},"24":{"start":{"line":66,"column":2},"end":{"line":79,"column":4}},"25":{"start":{"line":82,"column":2},"end":{"line":84,"column":5}},"26":{"start":{"line":83,"column":4},"end":{"line":83,"column":55}},"27":{"start":{"line":87,"column":2},"end":{"line":87,"column":36}},"28":{"start":{"line":91,"column":0},"end":{"line":102,"column":3}},"29":{"start":{"line":92,"column":2},"end":{"line":101,"column":3}},"30":{"start":{"line":93,"column":21},"end":{"line":93,"column":38}},"31":{"start":{"line":94,"column":4},"end":{"line":99,"column":7}},"32":{"start":{"line":100,"column":4},"end":{"line":100,"column":16}}},"fnMap":{"0":{"name":"(anonymous_0)","decl":{"start":{"line":11,"column":46},"end":{"line":11,"column":47}},"loc":{"start":{"line":11,"column":52},"end":{"line":16,"column":1}},"line":11},"1":{"name":"initializeJiraIntegration","decl":{"start":{"line":19,"column":9},"end":{"line":19,"column":34}},"loc":{"start":{"line":19,"column":37},"end":{"line":36,"column":1}},"line":19},"2":{"name":"extractIssueKey","decl":{"start":{"line":39,"column":9},"end":{"line":39,"column":24}},"loc":{"start":{"line":39,"column":27},"end":{"line":55,"column":1}},"line":39},"3":{"name":"addSidebarButton","decl":{"start":{"line":58,"column":9},"end":{"line":58,"column":25}},"loc":{"start":{"line":58,"column":28},"end":{"line":88,"column":1}},"line":58},"4":{"name":"(anonymous_4)","decl":{"start":{"line":82,"column":35},"end":{"line":82,"column":36}},"loc":{"start":{"line":82,"column":41},"end":{"line":84,"column":3}},"line":82},"5":{"name":"(anonymous_5)","decl":{"start":{"line":91,"column":37},"end":{"line":91,"column":38}},"loc":{"start":{"line":91,"column":72},"end":{"line":102,"column":1}},"line":91}},"branchMap":{"0":{"loc":{"start":{"line":7,"column":19},"end":{"line":8,"column":58}},"type":"binary-expr","locations":[{"start":{"line":7,"column":19},"end":{"line":7,"column":67}},{"start":{"line":8,"column":19},"end":{"line":8,"column":58}}],"line":7},"1":{"loc":{"start":{"line":12,"column":2},"end":{"line":15,"column":3}},"type":"if","locations":[{"start":{"line":12,"column":2},"end":{"line":15,"column":3}},{"start":{},"end":{}}],"line":12},"2":{"loc":{"start":{"line":22,"column":2},"end":{"line":32,"column":3}},"type":"if","locations":[{"start":{"line":22,"column":2},"end":{"line":32,"column":3}},{"start":{},"end":{}}],"line":22},"3":{"loc":{"start":{"line":42,"column":2},"end":{"line":42,"column":35}},"type":"if","locations":[{"start":{"line":42,"column":2},"end":{"line":42,"column":35}},{"start":{},"end":{}}],"line":42},"4":{"loc":{"start":{"line":46,"column":2},"end":{"line":46,"column":39}},"type":"if","locations":[{"start":{"line":46,"column":2},"end":{"line":46,"column":39}},{"start":{},"end":{}}],"line":46},"5":{"loc":{"start":{"line":50,"column":2},"end":{"line":52,"column":3}},"type":"if","locations":[{"start":{"line":50,"column":2},"end":{"line":52,"column":3}},{"start":{},"end":{}}],"line":50},"6":{"loc":{"start":{"line":60,"column":2},"end":{"line":60,"column":66}},"type":"if","locations":[{"start":{"line":60,"column":2},"end":{"line":60,"column":66}},{"start":{},"end":{}}],"line":60},"7":{"loc":{"start":{"line":92,"column":2},"end":{"line":101,"column":3}},"type":"if","locations":[{"start":{"line":92,"column":2},"end":{"line":101,"column":3}},{"start":{},"end":{}}],"line":92}},"s":{"0":0,"1":0,"2":0,"3":0,"4":0,"5":0,"6":0,"7":0,"8":0,"9":0,"10":0,"11":0,"12":0,"13":0,"14":0,"15":0,"16":0,"17":0,"18":0,"19":0,"20":0,"21":0,"22":0,"23":0,"24":0,"25":0,"26":0,"27":0,"28":0,"29":0,"30":0,"31":0,"32":0},"f":{"0":0,"1":0,"2":0,"3":0,"4":0,"5":0},"b":{"0":[0,0],"1":[0,0],"2":[0,0],"3":[0,0],"4":[0,0],"5":[0,0],"6":[0,0],"7":[0,0]}}
,"C:\\Users\\Loupor\\iCloudDocs\\iCloudDrive\\Documents\\actionitemschatbot-v1\\extension\\popup\\popup.js": {"path":"C:\\Users\\Loupor\\iCloudDocs\\iCloudDrive\\Documents\\actionitemschatbot-v1\\extension\\popup\\popup.js","statementMap":{"0":{"start":{"line":7,"column":21},"end":{"line":7,"column":61}},"1":{"start":{"line":8,"column":18},"end":{"line":8,"column":55}},"2":{"start":{"line":9,"column":19},"end":{"line":9,"column":57}},"3":{"start":{"line":10,"column":21},"end":{"line":10,"column":61}},"4":{"start":{"line":11,"column":21},"end":{"line":11,"column":61}},"5":{"start":{"line":12,"column":19},"end":{"line":12,"column":57}},"6":{"start":{"line":13,"column":16},"end":{"line":13,"column":51}},"7":{"start":{"line":14,"column":17},"end":{"line":14,"column":53}},"8":{"start":{"line":15,"column":20},"end":{"line":15,"column":59}},"9":{"start":{"line":16,"column":21},"end":{"line":16,"column":61}},"10":{"start":{"line":17,"column":24},"end":{"line":17,"column":67}},"11":{"start":{"line":18,"column":23},"end":{"line":18,"column":60}},"12":{"start":{"line":19,"column":28},"end":{"line":19,"column":75}},"13":{"start":{"line":20,"column":27},"end":{"line":20,"column":67}},"14":{"start":{"line":21,"column":17},"end":{"line":21,"column":53}},"15":{"start":{"line":24,"column":18},"end":{"line":24,"column":20}},"16":{"start":{"line":27,"column":0},"end":{"line":48,"column":3}},"17":{"start":{"line":29,"column":2},"end":{"line":29,"column":17}},"18":{"start":{"line":32,"column":2},"end":{"line":32,"column":26}},"19":{"start":{"line":35,"column":2},"end":{"line":35,"column":20}},"20":{"start":{"line":38,"column":2},"end":{"line":44,"column":5}},"21":{"start":{"line":39,"column":4},"end":{"line":43,"column":5}},"22":{"start":{"line":41,"column":6},"end":{"line":41,"column":53}},"23":{"start":{"line":42,"column":6},"end":{"line":42,"column":91}},"24":{"start":{"line":47,"column":2},"end":{"line":47,"column":24}},"25":{"start":{"line":52,"column":2},"end":{"line":60,"column":5}},"26":{"start":{"line":53,"column":4},"end":{"line":55,"column":5}},"27":{"start":{"line":54,"column":6},"end":{"line":54,"column":44}},"28":{"start":{"line":57,"column":4},"end":{"line":59,"column":5}},"29":{"start":{"line":58,"column":6},"end":{"line":58,"column":62}},"30":{"start":{"line":65,"column":2},"end":{"line":79,"column":5}},"31":{"start":{"line":66,"column":22},"end":{"line":66,"column":63}},"32":{"start":{"line":68,"column":4},"end":{"line":78,"column":9}},"33":{"start":{"line":70,"column":8},"end":{"line":74,"column":9}},"34":{"start":{"line":71,"column":10},"end":{"line":71,"column":33}},"35":{"start":{"line":73,"column":10},"end":{"line":73,"column":29}},"36":{"start":{"line":77,"column":8},"end":{"line":77,"column":34}},"37":{"start":{"line":84,"column":2},"end":{"line":84,"column":43}},"38":{"start":{"line":86,"column":2},"end":{"line":102,"column":3}},"39":{"start":{"line":88,"column":6},"end":{"line":88,"column":46}},"40":{"start":{"line":89,"column":6},"end":{"line":89,"column":43}},"41":{"start":{"line":90,"column":6},"end":{"line":90,"column":12}},"42":{"start":{"line":92,"column":6},"end":{"line":92,"column":49}},"43":{"start":{"line":93,"column":6},"end":{"line":93,"column":46}},"44":{"start":{"line":94,"column":6},"end":{"line":94,"column":12}},"45":{"start":{"line":96,"column":6},"end":{"line":96,"column":42}},"46":{"start":{"line":97,"column":6},"end":{"line":97,"column":39}},"47":{"start":{"line":98,"column":6},"end":{"line":98,"column":12}},"48":{"start":{"line":100,"column":6},"end":{"line":100,"column":47}},"49":{"start":{"line":101,"column":6},"end":{"line":101,"column":47}},"50":{"start":{"line":107,"column":2},"end":{"line":117,"column":5}},"51":{"start":{"line":108,"column":4},"end":{"line":116,"column":5}},"52":{"start":{"line":109,"column":6},"end":{"line":109,"column":37}},"53":{"start":{"line":112,"column":29},"end":{"line":112,"column":51}},"54":{"start":{"line":113,"column":6},"end":{"line":115,"column":9}},"55":{"start":{"line":114,"column":8},"end":{"line":114,"column":60}},"56":{"start":{"line":122,"column":20},"end":{"line":122,"column":44}},"57":{"start":{"line":125,"column":2},"end":{"line":125,"column":48}},"58":{"start":{"line":128,"column":2},"end":{"line":130,"column":3}},"59":{"start":{"line":129,"column":4},"end":{"line":129,"column":41}},"60":{"start":{"line":131,"column":2},"end":{"line":131,"column":44}},"61":{"start":{"line":134,"column":2},"end":{"line":134,"column":42}},"62":{"start":{"line":139,"column":21},"end":{"line":139,"column":50}},"63":{"start":{"line":140,"column":2},"end":{"line":140,"column":53}},"64":{"start":{"line":142,"column":15},"end":{"line":142,"column":34}},"65":{"start":{"line":143,"column":24},"end":{"line":143,"column":121}},"66":{"start":{"line":145,"column":2},"end":{"line":148,"column":4}},"67":{"start":{"line":150,"column":2},"end":{"line":150,"column":39}},"68":{"start":{"line":153,"column":2},"end":{"line":153,"column":53}},"69":{"start":{"line":159,"column":2},"end":{"line":159,"column":52}},"70":{"start":{"line":162,"column":2},"end":{"line":167,"column":5}},"71":{"start":{"line":163,"column":4},"end":{"line":166,"column":5}},"72":{"start":{"line":164,"column":6},"end":{"line":164,"column":25}},"73":{"start":{"line":165,"column":6},"end":{"line":165,"column":20}},"74":{"start":{"line":170,"column":2},"end":{"line":170,"column":61}},"75":{"start":{"line":170,"column":42},"end":{"line":170,"column":59}},"76":{"start":{"line":171,"column":2},"end":{"line":174,"column":5}},"77":{"start":{"line":172,"column":4},"end":{"line":172,"column":23}},"78":{"start":{"line":173,"column":4},"end":{"line":173,"column":16}},"79":{"start":{"line":175,"column":2},"end":{"line":175,"column":69}},"80":{"start":{"line":175,"column":46},"end":{"line":175,"column":67}},"81":{"start":{"line":178,"column":2},"end":{"line":178,"column":61}},"82":{"start":{"line":181,"column":2},"end":{"line":181,"column":59}},"83":{"start":{"line":187,"column":2},"end":{"line":187,"column":67}},"84":{"start":{"line":188,"column":2},"end":{"line":188,"column":38}},"85":{"start":{"line":189,"column":2},"end":{"line":189,"column":41}},"86":{"start":{"line":192,"column":2},"end":{"line":192,"column":37}},"87":{"start":{"line":193,"column":2},"end":{"line":193,"column":38}},"88":{"start":{"line":194,"column":2},"end":{"line":194,"column":41}},"89":{"start":{"line":197,"column":2},"end":{"line":209,"column":3}},"90":{"start":{"line":199,"column":6},"end":{"line":199,"column":43}},"91":{"start":{"line":200,"column":6},"end":{"line":200,"column":39}},"92":{"start":{"line":201,"column":6},"end":{"line":201,"column":12}},"93":{"start":{"line":203,"column":6},"end":{"line":203,"column":46}},"94":{"start":{"line":204,"column":6},"end":{"line":204,"column":42}},"95":{"start":{"line":205,"column":6},"end":{"line":205,"column":12}},"96":{"start":{"line":207,"column":6},"end":{"line":207,"column":72}},"97":{"start":{"line":208,"column":6},"end":{"line":208,"column":38}},"98":{"start":{"line":214,"column":18},"end":{"line":214,"column":40}},"99":{"start":{"line":215,"column":2},"end":{"line":215,"column":23}},"100":{"start":{"line":215,"column":16},"end":{"line":215,"column":23}},"101":{"start":{"line":218,"column":2},"end":{"line":218,"column":30}},"102":{"start":{"line":221,"column":2},"end":{"line":221,"column":23}},"103":{"start":{"line":224,"column":2},"end":{"line":253,"column":7}},"104":{"start":{"line":227,"column":6},"end":{"line":227,"column":133}},"105":{"start":{"line":230,"column":6},"end":{"line":252,"column":9}},"106":{"start":{"line":240,"column":8},"end":{"line":240,"column":57}},"107":{"start":{"line":242,"column":8},"end":{"line":251,"column":9}},"108":{"start":{"line":244,"column":10},"end":{"line":244,"column":52}},"109":{"start":{"line":247,"column":10},"end":{"line":247,"column":47}},"110":{"start":{"line":250,"column":10},"end":{"line":250,"column":116}},"111":{"start":{"line":258,"column":2},"end":{"line":288,"column":5}},"112":{"start":{"line":259,"column":4},"end":{"line":287,"column":7}},"113":{"start":{"line":260,"column":6},"end":{"line":263,"column":7}},"114":{"start":{"line":261,"column":8},"end":{"line":261,"column":20}},"115":{"start":{"line":262,"column":8},"end":{"line":262,"column":15}},"116":{"start":{"line":265,"column":25},"end":{"line":265,"column":32}},"117":{"start":{"line":268,"column":6},"end":{"line":286,"column":7}},"118":{"start":{"line":269,"column":8},"end":{"line":279,"column":11}},"119":{"start":{"line":270,"column":10},"end":{"line":278,"column":11}},"120":{"start":{"line":272,"column":12},"end":{"line":275,"column":15}},"121":{"start":{"line":277,"column":12},"end":{"line":277,"column":30}},"122":{"start":{"line":282,"column":8},"end":{"line":285,"column":11}},"123":{"start":{"line":293,"column":2},"end":{"line":293,"column":47}},"124":{"start":{"line":293,"column":40},"end":{"line":293,"column":47}},"125":{"start":{"line":295,"column":2},"end":{"line":314,"column":5}},"126":{"start":{"line":296,"column":4},"end":{"line":313,"column":5}},"127":{"start":{"line":298,"column":8},"end":{"line":298,"column":53}},"128":{"start":{"line":299,"column":8},"end":{"line":299,"column":14}},"129":{"start":{"line":301,"column":8},"end":{"line":306,"column":11}},"130":{"start":{"line":307,"column":8},"end":{"line":307,"column":14}},"131":{"start":{"line":309,"column":8},"end":{"line":311,"column":9}},"132":{"start":{"line":310,"column":10},"end":{"line":310,"column":22}},"133":{"start":{"line":312,"column":8},"end":{"line":312,"column":14}},"134":{"start":{"line":319,"column":2},"end":{"line":319,"column":79}},"135":{"start":{"line":321,"column":2},"end":{"line":331,"column":5}},"136":{"start":{"line":326,"column":4},"end":{"line":330,"column":5}},"137":{"start":{"line":327,"column":6},"end":{"line":327,"column":40}},"138":{"start":{"line":329,"column":6},"end":{"line":329,"column":108}},"139":{"start":{"line":336,"column":2},"end":{"line":339,"column":3}},"140":{"start":{"line":337,"column":4},"end":{"line":337,"column":76}},"141":{"start":{"line":338,"column":4},"end":{"line":338,"column":11}},"142":{"start":{"line":341,"column":2},"end":{"line":341,"column":26}},"143":{"start":{"line":343,"column":2},"end":{"line":367,"column":5}},"144":{"start":{"line":344,"column":24},"end":{"line":344,"column":53}},"145":{"start":{"line":345,"column":4},"end":{"line":345,"column":69}},"146":{"start":{"line":347,"column":20},"end":{"line":347,"column":94}},"147":{"start":{"line":349,"column":4},"end":{"line":359,"column":6}},"148":{"start":{"line":362,"column":4},"end":{"line":364,"column":7}},"149":{"start":{"line":363,"column":6},"end":{"line":363,"column":44}},"150":{"start":{"line":366,"column":4},"end":{"line":366,"column":38}},"151":{"start":{"line":372,"column":20},"end":{"line":372,"column":47}},"152":{"start":{"line":373,"column":31},"end":{"line":373,"column":58}},"153":{"start":{"line":375,"column":2},"end":{"line":393,"column":5}},"154":{"start":{"line":380,"column":27},"end":{"line":380,"column":56}},"155":{"start":{"line":381,"column":4},"end":{"line":381,"column":49}},"156":{"start":{"line":382,"column":4},"end":{"line":382,"column":51}},"157":{"start":{"line":384,"column":4},"end":{"line":384,"column":48}},"158":{"start":{"line":387,"column":4},"end":{"line":389,"column":13}},"159":{"start":{"line":388,"column":6},"end":{"line":388,"column":50}},"160":{"start":{"line":392,"column":4},"end":{"line":392,"column":28}},"161":{"start":{"line":399,"column":20},"end":{"line":399,"column":51}},"162":{"start":{"line":400,"column":2},"end":{"line":400,"column":26}},"163":{"start":{"line":401,"column":2},"end":{"line":401,"column":63}},"164":{"start":{"line":404,"column":2},"end":{"line":404,"column":20}},"165":{"start":{"line":407,"column":2},"end":{"line":437,"column":5}},"166":{"start":{"line":408,"column":4},"end":{"line":436,"column":5}},"167":{"start":{"line":409,"column":19},"end":{"line":409,"column":37}},"168":{"start":{"line":412,"column":6},"end":{"line":412,"column":56}},"169":{"start":{"line":415,"column":23},"end":{"line":415,"column":37}},"170":{"start":{"line":416,"column":6},"end":{"line":416,"column":36}},"171":{"start":{"line":419,"column":6},"end":{"line":429,"column":7}},"172":{"start":{"line":420,"column":23},"end":{"line":420,"column":39}},"173":{"start":{"line":421,"column":8},"end":{"line":427,"column":10}},"174":{"start":{"line":422,"column":22},"end":{"line":422,"column":51}},"175":{"start":{"line":423,"column":10},"end":{"line":423,"column":36}},"176":{"start":{"line":424,"column":10},"end":{"line":424,"column":47}},"177":{"start":{"line":425,"column":10},"end":{"line":425,"column":40}},"178":{"start":{"line":426,"column":10},"end":{"line":426,"column":61}},"179":{"start":{"line":428,"column":8},"end":{"line":428,"column":35}},"180":{"start":{"line":433,"column":6},"end":{"line":435,"column":15}},"181":{"start":{"line":434,"column":8},"end":{"line":434,"column":107}}},"fnMap":{"0":{"name":"(anonymous_0)","decl":{"start":{"line":27,"column":46},"end":{"line":27,"column":47}},"loc":{"start":{"line":27,"column":52},"end":{"line":48,"column":1}},"line":27},"1":{"name":"(anonymous_1)","decl":{"start":{"line":38,"column":40},"end":{"line":38,"column":41}},"loc":{"start":{"line":38,"column":50},"end":{"line":44,"column":3}},"line":38},"2":{"name":"loadSettings","decl":{"start":{"line":51,"column":9},"end":{"line":51,"column":21}},"loc":{"start":{"line":51,"column":24},"end":{"line":61,"column":1}},"line":51},"3":{"name":"(anonymous_3)","decl":{"start":{"line":52,"column":66},"end":{"line":52,"column":67}},"loc":{"start":{"line":52,"column":76},"end":{"line":60,"column":3}},"line":52},"4":{"name":"checkServerConnection","decl":{"start":{"line":64,"column":9},"end":{"line":64,"column":30}},"loc":{"start":{"line":64,"column":33},"end":{"line":80,"column":1}},"line":64},"5":{"name":"(anonymous_5)","decl":{"start":{"line":65,"column":40},"end":{"line":65,"column":41}},"loc":{"start":{"line":65,"column":50},"end":{"line":79,"column":3}},"line":65},"6":{"name":"(anonymous_6)","decl":{"start":{"line":69,"column":12},"end":{"line":69,"column":13}},"loc":{"start":{"line":69,"column":24},"end":{"line":75,"column":7}},"line":69},"7":{"name":"(anonymous_7)","decl":{"start":{"line":76,"column":13},"end":{"line":76,"column":14}},"loc":{"start":{"line":76,"column":19},"end":{"line":78,"column":7}},"line":76},"8":{"name":"setStatus","decl":{"start":{"line":83,"column":9},"end":{"line":83,"column":18}},"loc":{"start":{"line":83,"column":27},"end":{"line":103,"column":1}},"line":83},"9":{"name":"loadChatHistory","decl":{"start":{"line":106,"column":9},"end":{"line":106,"column":24}},"loc":{"start":{"line":106,"column":27},"end":{"line":118,"column":1}},"line":106},"10":{"name":"(anonymous_10)","decl":{"start":{"line":107,"column":42},"end":{"line":107,"column":43}},"loc":{"start":{"line":107,"column":52},"end":{"line":117,"column":3}},"line":107},"11":{"name":"(anonymous_11)","decl":{"start":{"line":113,"column":29},"end":{"line":113,"column":30}},"loc":{"start":{"line":113,"column":36},"end":{"line":115,"column":7}},"line":113},"12":{"name":"addMessage","decl":{"start":{"line":121,"column":9},"end":{"line":121,"column":19}},"loc":{"start":{"line":121,"column":34},"end":{"line":135,"column":1}},"line":121},"13":{"name":"addMessageToUI","decl":{"start":{"line":138,"column":9},"end":{"line":138,"column":23}},"loc":{"start":{"line":138,"column":49},"end":{"line":154,"column":1}},"line":138},"14":{"name":"setupEventListeners","decl":{"start":{"line":157,"column":9},"end":{"line":157,"column":28}},"loc":{"start":{"line":157,"column":31},"end":{"line":182,"column":1}},"line":157},"15":{"name":"(anonymous_15)","decl":{"start":{"line":162,"column":40},"end":{"line":162,"column":41}},"loc":{"start":{"line":162,"column":47},"end":{"line":167,"column":3}},"line":162},"16":{"name":"(anonymous_16)","decl":{"start":{"line":170,"column":36},"end":{"line":170,"column":37}},"loc":{"start":{"line":170,"column":42},"end":{"line":170,"column":59}},"line":170},"17":{"name":"(anonymous_17)","decl":{"start":{"line":171,"column":37},"end":{"line":171,"column":38}},"loc":{"start":{"line":171,"column":43},"end":{"line":174,"column":3}},"line":171},"18":{"name":"(anonymous_18)","decl":{"start":{"line":175,"column":40},"end":{"line":175,"column":41}},"loc":{"start":{"line":175,"column":46},"end":{"line":175,"column":67}},"line":175},"19":{"name":"switchTab","decl":{"start":{"line":185,"column":9},"end":{"line":185,"column":18}},"loc":{"start":{"line":185,"column":24},"end":{"line":210,"column":1}},"line":185},"20":{"name":"sendMessage","decl":{"start":{"line":213,"column":9},"end":{"line":213,"column":20}},"loc":{"start":{"line":213,"column":23},"end":{"line":254,"column":1}},"line":213},"21":{"name":"(anonymous_21)","decl":{"start":{"line":225,"column":10},"end":{"line":225,"column":11}},"loc":{"start":{"line":225,"column":21},"end":{"line":253,"column":5}},"line":225},"22":{"name":"(anonymous_22)","decl":{"start":{"line":238,"column":9},"end":{"line":238,"column":10}},"loc":{"start":{"line":238,"column":21},"end":{"line":252,"column":7}},"line":238},"23":{"name":"getCurrentTabInfo","decl":{"start":{"line":257,"column":15},"end":{"line":257,"column":32}},"loc":{"start":{"line":257,"column":35},"end":{"line":289,"column":1}},"line":257},"24":{"name":"(anonymous_24)","decl":{"start":{"line":258,"column":21},"end":{"line":258,"column":22}},"loc":{"start":{"line":258,"column":34},"end":{"line":288,"column":3}},"line":258},"25":{"name":"(anonymous_25)","decl":{"start":{"line":259,"column":61},"end":{"line":259,"column":62}},"loc":{"start":{"line":259,"column":71},"end":{"line":287,"column":5}},"line":259},"26":{"name":"(anonymous_26)","decl":{"start":{"line":269,"column":77},"end":{"line":269,"column":78}},"loc":{"start":{"line":269,"column":89},"end":{"line":279,"column":9}},"line":269},"27":{"name":"handleActions","decl":{"start":{"line":292,"column":9},"end":{"line":292,"column":22}},"loc":{"start":{"line":292,"column":32},"end":{"line":315,"column":1}},"line":292},"28":{"name":"(anonymous_28)","decl":{"start":{"line":295,"column":18},"end":{"line":295,"column":19}},"loc":{"start":{"line":295,"column":28},"end":{"line":314,"column":3}},"line":295},"29":{"name":"loadTasks","decl":{"start":{"line":318,"column":9},"end":{"line":318,"column":18}},"loc":{"start":{"line":318,"column":21},"end":{"line":332,"column":1}},"line":318},"30":{"name":"(anonymous_30)","decl":{"start":{"line":325,"column":5},"end":{"line":325,"column":6}},"loc":{"start":{"line":325,"column":17},"end":{"line":331,"column":3}},"line":325},"31":{"name":"displayTasks","decl":{"start":{"line":335,"column":9},"end":{"line":335,"column":21}},"loc":{"start":{"line":335,"column":29},"end":{"line":368,"column":1}},"line":335},"32":{"name":"(anonymous_32)","decl":{"start":{"line":343,"column":16},"end":{"line":343,"column":17}},"loc":{"start":{"line":343,"column":24},"end":{"line":367,"column":3}},"line":343},"33":{"name":"(anonymous_33)","decl":{"start":{"line":362,"column":42},"end":{"line":362,"column":43}},"loc":{"start":{"line":362,"column":48},"end":{"line":364,"column":5}},"line":362},"34":{"name":"saveSettings","decl":{"start":{"line":371,"column":9},"end":{"line":371,"column":21}},"loc":{"start":{"line":371,"column":24},"end":{"line":394,"column":1}},"line":371},"35":{"name":"(anonymous_35)","decl":{"start":{"line":378,"column":5},"end":{"line":378,"column":6}},"loc":{"start":{"line":378,"column":11},"end":{"line":393,"column":3}},"line":378},"36":{"name":"(anonymous_36)","decl":{"start":{"line":387,"column":15},"end":{"line":387,"column":16}},"loc":{"start":{"line":387,"column":21},"end":{"line":389,"column":5}},"line":387},"37":{"name":"handleAttachment","decl":{"start":{"line":397,"column":9},"end":{"line":397,"column":25}},"loc":{"start":{"line":397,"column":28},"end":{"line":438,"column":1}},"line":397},"38":{"name":"(anonymous_38)","decl":{"start":{"line":407,"column":39},"end":{"line":407,"column":40}},"loc":{"start":{"line":407,"column":45},"end":{"line":437,"column":3}},"line":407},"39":{"name":"(anonymous_39)","decl":{"start":{"line":421,"column":24},"end":{"line":421,"column":25}},"loc":{"start":{"line":421,"column":31},"end":{"line":427,"column":9}},"line":421},"40":{"name":"(anonymous_40)","decl":{"start":{"line":433,"column":17},"end":{"line":433,"column":18}},"loc":{"start":{"line":433,"column":23},"end":{"line":435,"column":7}},"line":433}},"branchMap":{"0":{"loc":{"start":{"line":39,"column":4},"end":{"line":43,"column":5}},"type":"if","locations":[{"start":{"line":39,"column":4},"end":{"line":43,"column":5}},{"start":{},"end":{}}],"line":39},"1":{"loc":{"start":{"line":53,"column":4},"end":{"line":55,"column":5}},"type":"if","locations":[{"start":{"line":53,"column":4},"end":{"line":55,"column":5}},{"start":{},"end":{}}],"line":53},"2":{"loc":{"start":{"line":57,"column":4},"end":{"line":59,"column":5}},"type":"if","locations":[{"start":{"line":57,"column":4},"end":{"line":59,"column":5}},{"start":{},"end":{}}],"line":57},"3":{"loc":{"start":{"line":66,"column":22},"end":{"line":66,"column":63}},"type":"binary-expr","locations":[{"start":{"line":66,"column":22},"end":{"line":66,"column":36}},{"start":{"line":66,"column":40},"end":{"line":66,"column":63}}],"line":66},"4":{"loc":{"start":{"line":70,"column":8},"end":{"line":74,"column":9}},"type":"if","locations":[{"start":{"line":70,"column":8},"end":{"line":74,"column":9}},{"start":{"line":72,"column":15},"end":{"line":74,"column":9}}],"line":70},"5":{"loc":{"start":{"line":86,"column":2},"end":{"line":102,"column":3}},"type":"switch","locations":[{"start":{"line":87,"column":4},"end":{"line":90,"column":12}},{"start":{"line":91,"column":4},"end":{"line":94,"column":12}},{"start":{"line":95,"column":4},"end":{"line":98,"column":12}},{"start":{"line":99,"column":4},"end":{"line":101,"column":47}}],"line":86},"6":{"loc":{"start":{"line":108,"column":4},"end":{"line":116,"column":5}},"type":"if","locations":[{"start":{"line":108,"column":4},"end":{"line":116,"column":5}},{"start":{},"end":{}}],"line":108},"7":{"loc":{"start":{"line":108,"column":8},"end":{"line":108,"column":55}},"type":"binary-expr","locations":[{"start":{"line":108,"column":8},"end":{"line":108,"column":24}},{"start":{"line":108,"column":28},"end":{"line":108,"column":55}}],"line":108},"8":{"loc":{"start":{"line":128,"column":2},"end":{"line":130,"column":3}},"type":"if","locations":[{"start":{"line":128,"column":2},"end":{"line":130,"column":3}},{"start":{},"end":{}}],"line":128},"9":{"loc":{"start":{"line":163,"column":4},"end":{"line":166,"column":5}},"type":"if","locations":[{"start":{"line":163,"column":4},"end":{"line":166,"column":5}},{"start":{},"end":{}}],"line":163},"10":{"loc":{"start":{"line":163,"column":8},"end":{"line":163,"column":40}},"type":"binary-expr","locations":[{"start":{"line":163,"column":8},"end":{"line":163,"column":25}},{"start":{"line":163,"column":29},"end":{"line":163,"column":40}}],"line":163},"11":{"loc":{"start":{"line":197,"column":2},"end":{"line":209,"column":3}},"type":"switch","locations":[{"start":{"line":198,"column":4},"end":{"line":201,"column":12}},{"start":{"line":202,"column":4},"end":{"line":205,"column":12}},{"start":{"line":206,"column":4},"end":{"line":208,"column":38}}],"line":197},"12":{"loc":{"start":{"line":215,"column":2},"end":{"line":215,"column":23}},"type":"if","locations":[{"start":{"line":215,"column":2},"end":{"line":215,"column":23}},{"start":{},"end":{}}],"line":215},"13":{"loc":{"start":{"line":242,"column":8},"end":{"line":251,"column":9}},"type":"if","locations":[{"start":{"line":242,"column":8},"end":{"line":251,"column":9}},{"start":{"line":248,"column":15},"end":{"line":251,"column":9}}],"line":242},"14":{"loc":{"start":{"line":242,"column":12},"end":{"line":242,"column":40}},"type":"binary-expr","locations":[{"start":{"line":242,"column":12},"end":{"line":242,"column":20}},{"start":{"line":242,"column":24},"end":{"line":242,"column":40}}],"line":242},"15":{"loc":{"start":{"line":260,"column":6},"end":{"line":263,"column":7}},"type":"if","locations":[{"start":{"line":260,"column":6},"end":{"line":263,"column":7}},{"start":{},"end":{}}],"line":260},"16":{"loc":{"start":{"line":268,"column":6},"end":{"line":286,"column":7}},"type":"if","locations":[{"start":{"line":268,"column":6},"end":{"line":286,"column":7}},{"start":{"line":280,"column":13},"end":{"line":286,"column":7}}],"line":268},"17":{"loc":{"start":{"line":268,"column":10},"end":{"line":268,"column":85}},"type":"binary-expr","locations":[{"start":{"line":268,"column":10},"end":{"line":268,"column":50}},{"start":{"line":268,"column":54},"end":{"line":268,"column":85}}],"line":268},"18":{"loc":{"start":{"line":270,"column":10},"end":{"line":278,"column":11}},"type":"if","locations":[{"start":{"line":270,"column":10},"end":{"line":278,"column":11}},{"start":{"line":276,"column":17},"end":{"line":278,"column":11}}],"line":270},"19":{"loc":{"start":{"line":270,"column":14},"end":{"line":270,"column":51}},"type":"binary-expr","locations":[{"start":{"line":270,"column":14},"end":{"line":270,"column":38}},{"start":{"line":270,"column":42},"end":{"line":270,"column":51}}],"line":270},"20":{"loc":{"start":{"line":293,"column":2},"end":{"line":293,"column":47}},"type":"if","locations":[{"start":{"line":293,"column":2},"end":{"line":293,"column":47}},{"start":{},"end":{}}],"line":293},"21":{"loc":{"start":{"line":293,"column":6},"end":{"line":293,"column":38}},"type":"binary-expr","locations":[{"start":{"line":293,"column":6},"end":{"line":293,"column":14}},{"start":{"line":293,"column":18},"end":{"line":293,"column":38}}],"line":293},"22":{"loc":{"start":{"line":296,"column":4},"end":{"line":313,"column":5}},"type":"switch","locations":[{"start":{"line":297,"column":6},"end":{"line":299,"column":14}},{"start":{"line":300,"column":6},"end":{"line":307,"column":14}},{"start":{"line":308,"column":6},"end":{"line":312,"column":14}}],"line":296},"23":{"loc":{"start":{"line":309,"column":8},"end":{"line":311,"column":9}},"type":"if","locations":[{"start":{"line":309,"column":8},"end":{"line":311,"column":9}},{"start":{},"end":{}}],"line":309},"24":{"loc":{"start":{"line":326,"column":4},"end":{"line":330,"column":5}},"type":"if","locations":[{"start":{"line":326,"column":4},"end":{"line":330,"column":5}},{"start":{"line":328,"column":11},"end":{"line":330,"column":5}}],"line":326},"25":{"loc":{"start":{"line":326,"column":8},"end":{"line":326,"column":36}},"type":"binary-expr","locations":[{"start":{"line":326,"column":8},"end":{"line":326,"column":16}},{"start":{"line":326,"column":20},"end":{"line":326,"column":36}}],"line":326},"26":{"loc":{"start":{"line":336,"column":2},"end":{"line":339,"column":3}},"type":"if","locations":[{"start":{"line":336,"column":2},"end":{"line":339,"column":3}},{"start":{},"end":{}}],"line":336},"27":{"loc":{"start":{"line":336,"column":6},"end":{"line":336,"column":34}},"type":"binary-expr","locations":[{"start":{"line":336,"column":6},"end":{"line":336,"column":12}},{"start":{"line":336,"column":16},"end":{"line":336,"column":34}}],"line":336},"28":{"loc":{"start":{"line":347,"column":20},"end":{"line":347,"column":94}},"type":"cond-expr","locations":[{"start":{"line":347,"column":35},"end":{"line":347,"column":78}},{"start":{"line":347,"column":81},"end":{"line":347,"column":94}}],"line":347},"29":{"loc":{"start":{"line":356,"column":38},"end":{"line":356,"column":67}},"type":"binary-expr","locations":[{"start":{"line":356,"column":38},"end":{"line":356,"column":51}},{"start":{"line":356,"column":55},"end":{"line":356,"column":67}}],"line":356},"30":{"loc":{"start":{"line":408,"column":4},"end":{"line":436,"column":5}},"type":"if","locations":[{"start":{"line":408,"column":4},"end":{"line":436,"column":5}},{"start":{},"end":{}}],"line":408},"31":{"loc":{"start":{"line":419,"column":6},"end":{"line":429,"column":7}},"type":"if","locations":[{"start":{"line":419,"column":6},"end":{"line":429,"column":7}},{"start":{},"end":{}}],"line":419}},"s":{"0":0,"1":0,"2":0,"3":0,"4":0,"5":0,"6":0,"7":0,"8":0,"9":0,"10":0,"11":0,"12":0,"13":0,"14":0,"15":0,"16":0,"17":0,"18":0,"19":0,"20":0,"21":0,"22":0,"23":0,"24":0,"25":0,"26":0,"27":0,"28":0,"29":0,"30":0,"31":0,"32":0,"33":0,"34":0,"35":0,"36":0,"37":0,"38":0,"39":0,"40":0,"41":0,"42":0,"43":0,"44":0,"45":0,"46":0,"47":0,"48":0,"49":0,"50":0,"51":0,"52":0,"53":0,"54":0,"55":0,"56":0,"57":0,"58":0,"59":0,"60":0,"61":0,"62":0,"63":0,"64":0,"65":0,"66":0,"67":0,"68":0,"69":0,"70":0,"71":0,"72":0,"73":0,"74":0,"75":0,"76":0,"77":0,"78":0,"79":0,"80":0,"81":0,"82":0,"83":0,"84":0,"85":0,"86":0,"87":0,"88":0,"89":0,"90":0,"91":0,"92":0,"93":0,"94":0,"95":0,"96":0,"97":0,"98":0,"99":0,"100":0,"101":0,"102":0,"103":0,"104":0,"105":0,"106":0,"107":0,"108":0,"109":0,"110":0,"111":0,"112":0,"113":0,"114":0,"115":0,"116":0,"117":0,"118":0,"119":0,"120":0,"121":0,"122":0,"123":0,"124":0,"125":0,"126":0,"127":0,"128":0,"129":0,"130":0,"131":0,"132":0,"133":0,"134":0,"135":0,"136":0,"137":0,"138":0,"139":0,"140":0,"141":0,"142":0,"143":0,"144":0,"145":0,"146":0,"147":0,"148":0,"149":0,"150":0,"151":0,"152":0,"153":0,"154":0,"155":0,"156":0,"157":0,"158":0,"159":0,"160":0,"161":0,"162":0,"163":0,"164":0,"165":0,"166":0,"167":0,"168":0,"169":0,"170":0,"171":0,"172":0,"173":0,"174":0,"175":0,"176":0,"177":0,"178":0,"179":0,"180":0,"181":0},"f":{"0":0,"1":0,"2":0,"3":0,"4":0,"5":0,"6":0,"7":0,"8":0,"9":0,"10":0,"11":0,"12":0,"13":0,"14":0,"15":0,"16":0,"17":0,"18":0,"19":0,"20":0,"21":0,"22":0,"23":0,"24":0,"25":0,"26":0,"27":0,"28":0,"29":0,"30":0,"31":0,"32":0,"33":0,"34":0,"35":0,"36":0,"37":0,"38":0,"39":0,"40":0},"b":{"0":[0,0],"1":[0,0],"2":[0,0],"3":[0,0],"4":[0,0],"5":[0,0,0,0],"6":[0,0],"7":[0,0],"8":[0,0],"9":[0,0],"10":[0,0],"11":[0,0,0],"12":[0,0],"13":[0,0],"14":[0,0],"15":[0,0],"16":[0,0],"17":[0,0],"18":[0,0],"19":[0,0],"20":[0,0],"21":[0,0],"22":[0,0,0],"23":[0,0],"24":[0,0],"25":[0,0],"26":[0,0],"27":[0,0],"28":[0,0],"29":[0,0],"30":[0,0],"31":[0,0]}}
}
