TN:
SF:background.js
FN:10,(anonymous_0)
FN:22,(anonymous_1)
FN:25,(anonymous_2)
FN:26,(anonymous_3)
FN:38,showNotification
FN:44,(anonymous_5)
FN:50,(anonymous_6)
FN:56,handleApiRequest
FN:84,getServerUrl
FN:85,(anonymous_9)
FN:86,(anonymous_10)
FN:93,(anonymous_11)
FN:97,(anonymous_12)
FNF:13
FNH:0
FNDA:0,(anonymous_0)
FNDA:0,(anonymous_1)
FNDA:0,(anonymous_2)
FNDA:0,(anonymous_3)
FNDA:0,showNotification
FNDA:0,(anonymous_5)
FNDA:0,(anonymous_6)
FNDA:0,handleApiRequest
FNDA:0,getServerUrl
FNDA:0,(anonymous_9)
FNDA:0,(anonymous_10)
FNDA:0,(anonymous_11)
FNDA:0,(anonymous_12)
DA:7,0
DA:10,0
DA:11,0
DA:14,0
DA:22,0
DA:23,0
DA:24,0
DA:25,0
DA:26,0
DA:27,0
DA:30,0
DA:31,0
DA:32,0
DA:33,0
DA:39,0
DA:44,0
DA:50,0
DA:51,0
DA:57,0
DA:58,0
DA:60,0
DA:67,0
DA:68,0
DA:71,0
DA:72,0
DA:73,0
DA:74,0
DA:76,0
DA:78,0
DA:79,0
DA:85,0
DA:86,0
DA:87,0
DA:93,0
DA:94,0
DA:95,0
DA:96,0
DA:97,0
DA:98,0
DA:106,0
LF:40
LH:0
BRDA:23,0,0,0
BRDA:23,0,1,0
BRDA:30,1,0,0
BRDA:30,1,1,0
BRDA:38,2,0,0
BRDA:56,3,0,0
BRDA:56,4,0,0
BRDA:67,5,0,0
BRDA:67,5,1,0
BRDA:67,6,0,0
BRDA:67,6,1,0
BRDA:67,6,2,0
BRDA:73,7,0,0
BRDA:73,7,1,0
BRDA:87,8,0,0
BRDA:87,8,1,0
BRDA:96,9,0,0
BRDA:96,9,1,0
BRDA:96,10,0,0
BRDA:96,10,1,0
BRF:20
BRH:0
end_of_record
TN:
SF:content\contentScript.js
FN:11,(anonymous_0)
FN:19,initializeJiraIntegration
FN:39,extractIssueKey
FN:58,addSidebarButton
FN:82,(anonymous_4)
FN:91,(anonymous_5)
FNF:6
FNH:0
FNDA:0,(anonymous_0)
FNDA:0,initializeJiraIntegration
FNDA:0,extractIssueKey
FNDA:0,addSidebarButton
FNDA:0,(anonymous_4)
FNDA:0,(anonymous_5)
DA:7,0
DA:11,0
DA:12,0
DA:13,0
DA:14,0
DA:21,0
DA:22,0
DA:24,0
DA:35,0
DA:41,0
DA:42,0
DA:45,0
DA:46,0
DA:49,0
DA:50,0
DA:51,0
DA:54,0
DA:60,0
DA:63,0
DA:64,0
DA:65,0
DA:66,0
DA:82,0
DA:83,0
DA:87,0
DA:91,0
DA:92,0
DA:93,0
DA:94,0
DA:100,0
LF:30
LH:0
BRDA:7,0,0,0
BRDA:7,0,1,0
BRDA:12,1,0,0
BRDA:12,1,1,0
BRDA:22,2,0,0
BRDA:22,2,1,0
BRDA:42,3,0,0
BRDA:42,3,1,0
BRDA:46,4,0,0
BRDA:46,4,1,0
BRDA:50,5,0,0
BRDA:50,5,1,0
BRDA:60,6,0,0
BRDA:60,6,1,0
BRDA:92,7,0,0
BRDA:92,7,1,0
BRF:16
BRH:0
end_of_record
TN:
SF:popup\popup.js
FN:27,(anonymous_0)
FN:38,(anonymous_1)
FN:51,loadSettings
FN:52,(anonymous_3)
FN:64,checkServerConnection
FN:65,(anonymous_5)
FN:69,(anonymous_6)
FN:76,(anonymous_7)
FN:83,setStatus
FN:106,loadChatHistory
FN:107,(anonymous_10)
FN:113,(anonymous_11)
FN:121,addMessage
FN:138,addMessageToUI
FN:157,setupEventListeners
FN:162,(anonymous_15)
FN:170,(anonymous_16)
FN:171,(anonymous_17)
FN:175,(anonymous_18)
FN:185,switchTab
FN:213,sendMessage
FN:225,(anonymous_21)
FN:238,(anonymous_22)
FN:257,getCurrentTabInfo
FN:258,(anonymous_24)
FN:259,(anonymous_25)
FN:269,(anonymous_26)
FN:292,handleActions
FN:295,(anonymous_28)
FN:318,loadTasks
FN:325,(anonymous_30)
FN:335,displayTasks
FN:343,(anonymous_32)
FN:362,(anonymous_33)
FN:371,saveSettings
FN:378,(anonymous_35)
FN:387,(anonymous_36)
FN:397,handleAttachment
FN:407,(anonymous_38)
FN:421,(anonymous_39)
FN:433,(anonymous_40)
FNF:41
FNH:0
FNDA:0,(anonymous_0)
FNDA:0,(anonymous_1)
FNDA:0,loadSettings
FNDA:0,(anonymous_3)
FNDA:0,checkServerConnection
FNDA:0,(anonymous_5)
FNDA:0,(anonymous_6)
FNDA:0,(anonymous_7)
FNDA:0,setStatus
FNDA:0,loadChatHistory
FNDA:0,(anonymous_10)
FNDA:0,(anonymous_11)
FNDA:0,addMessage
FNDA:0,addMessageToUI
FNDA:0,setupEventListeners
FNDA:0,(anonymous_15)
FNDA:0,(anonymous_16)
FNDA:0,(anonymous_17)
FNDA:0,(anonymous_18)
FNDA:0,switchTab
FNDA:0,sendMessage
FNDA:0,(anonymous_21)
FNDA:0,(anonymous_22)
FNDA:0,getCurrentTabInfo
FNDA:0,(anonymous_24)
FNDA:0,(anonymous_25)
FNDA:0,(anonymous_26)
FNDA:0,handleActions
FNDA:0,(anonymous_28)
FNDA:0,loadTasks
FNDA:0,(anonymous_30)
FNDA:0,displayTasks
FNDA:0,(anonymous_32)
FNDA:0,(anonymous_33)
FNDA:0,saveSettings
FNDA:0,(anonymous_35)
FNDA:0,(anonymous_36)
FNDA:0,handleAttachment
FNDA:0,(anonymous_38)
FNDA:0,(anonymous_39)
FNDA:0,(anonymous_40)
DA:7,0
DA:8,0
DA:9,0
DA:10,0
DA:11,0
DA:12,0
DA:13,0
DA:14,0
DA:15,0
DA:16,0
DA:17,0
DA:18,0
DA:19,0
DA:20,0
DA:21,0
DA:24,0
DA:27,0
DA:29,0
DA:32,0
DA:35,0
DA:38,0
DA:39,0
DA:41,0
DA:42,0
DA:47,0
DA:52,0
DA:53,0
DA:54,0
DA:57,0
DA:58,0
DA:65,0
DA:66,0
DA:68,0
DA:70,0
DA:71,0
DA:73,0
DA:77,0
DA:84,0
DA:86,0
DA:88,0
DA:89,0
DA:90,0
DA:92,0
DA:93,0
DA:94,0
DA:96,0
DA:97,0
DA:98,0
DA:100,0
DA:101,0
DA:107,0
DA:108,0
DA:109,0
DA:112,0
DA:113,0
DA:114,0
DA:122,0
DA:125,0
DA:128,0
DA:129,0
DA:131,0
DA:134,0
DA:139,0
DA:140,0
DA:142,0
DA:143,0
DA:145,0
DA:150,0
DA:153,0
DA:159,0
DA:162,0
DA:163,0
DA:164,0
DA:165,0
DA:170,0
DA:171,0
DA:172,0
DA:173,0
DA:175,0
DA:178,0
DA:181,0
DA:187,0
DA:188,0
DA:189,0
DA:192,0
DA:193,0
DA:194,0
DA:197,0
DA:199,0
DA:200,0
DA:201,0
DA:203,0
DA:204,0
DA:205,0
DA:207,0
DA:208,0
DA:214,0
DA:215,0
DA:218,0
DA:221,0
DA:224,0
DA:227,0
DA:230,0
DA:240,0
DA:242,0
DA:244,0
DA:247,0
DA:250,0
DA:258,0
DA:259,0
DA:260,0
DA:261,0
DA:262,0
DA:265,0
DA:268,0
DA:269,0
DA:270,0
DA:272,0
DA:277,0
DA:282,0
DA:293,0
DA:295,0
DA:296,0
DA:298,0
DA:299,0
DA:301,0
DA:307,0
DA:309,0
DA:310,0
DA:312,0
DA:319,0
DA:321,0
DA:326,0
DA:327,0
DA:329,0
DA:336,0
DA:337,0
DA:338,0
DA:341,0
DA:343,0
DA:344,0
DA:345,0
DA:347,0
DA:349,0
DA:362,0
DA:363,0
DA:366,0
DA:372,0
DA:373,0
DA:375,0
DA:380,0
DA:381,0
DA:382,0
DA:384,0
DA:387,0
DA:388,0
DA:392,0
DA:399,0
DA:400,0
DA:401,0
DA:404,0
DA:407,0
DA:408,0
DA:409,0
DA:412,0
DA:415,0
DA:416,0
DA:419,0
DA:420,0
DA:421,0
DA:422,0
DA:423,0
DA:424,0
DA:425,0
DA:426,0
DA:428,0
DA:433,0
DA:434,0
LF:178
LH:0
BRDA:39,0,0,0
BRDA:39,0,1,0
BRDA:53,1,0,0
BRDA:53,1,1,0
BRDA:57,2,0,0
BRDA:57,2,1,0
BRDA:66,3,0,0
BRDA:66,3,1,0
BRDA:70,4,0,0
BRDA:70,4,1,0
BRDA:86,5,0,0
BRDA:86,5,1,0
BRDA:86,5,2,0
BRDA:86,5,3,0
BRDA:108,6,0,0
BRDA:108,6,1,0
BRDA:108,7,0,0
BRDA:108,7,1,0
BRDA:128,8,0,0
BRDA:128,8,1,0
BRDA:163,9,0,0
BRDA:163,9,1,0
BRDA:163,10,0,0
BRDA:163,10,1,0
BRDA:197,11,0,0
BRDA:197,11,1,0
BRDA:197,11,2,0
BRDA:215,12,0,0
BRDA:215,12,1,0
BRDA:242,13,0,0
BRDA:242,13,1,0
BRDA:242,14,0,0
BRDA:242,14,1,0
BRDA:260,15,0,0
BRDA:260,15,1,0
BRDA:268,16,0,0
BRDA:268,16,1,0
BRDA:268,17,0,0
BRDA:268,17,1,0
BRDA:270,18,0,0
BRDA:270,18,1,0
BRDA:270,19,0,0
BRDA:270,19,1,0
BRDA:293,20,0,0
BRDA:293,20,1,0
BRDA:293,21,0,0
BRDA:293,21,1,0
BRDA:296,22,0,0
BRDA:296,22,1,0
BRDA:296,22,2,0
BRDA:309,23,0,0
BRDA:309,23,1,0
BRDA:326,24,0,0
BRDA:326,24,1,0
BRDA:326,25,0,0
BRDA:326,25,1,0
BRDA:336,26,0,0
BRDA:336,26,1,0
BRDA:336,27,0,0
BRDA:336,27,1,0
BRDA:347,28,0,0
BRDA:347,28,1,0
BRDA:356,29,0,0
BRDA:356,29,1,0
BRDA:408,30,0,0
BRDA:408,30,1,0
BRDA:419,31,0,0
BRDA:419,31,1,0
BRF:68
BRH:0
end_of_record
